<?xml version="1.0" encoding="UTF-8"?>
<!-- Generated by org.testng.reporters.JUnitXMLReporter -->
<testsuite hostname="DESKTOP-S33VJ14" ignored="0" name="MayurTest" tests="5" failures="1" timestamp="17 Mar 2022 08:13:24 GMT" time="165.393" errors="0">
  <testcase name="login" time="45.609" classname="com.mayur.testcases.LoginTest"/>
  <testcase name="f" time="0.01" classname="com.mayur.testcases.ForTest"/>
  <testcase name="g" time="0.005" classname="com.mayur.testcases.ForTest">
    <failure type="java.lang.AssertionError" message="expected [true] but found [false]">
      <![CDATA[java.lang.AssertionError: expected [true] but found [false]
at com.mayur.testcases.ForTest.g(ForTest.java:27)
... Removed 29 stack frames]]>
    </failure>
  </testcase> <!-- g -->
  <testcase name="addToCart" time="14.726" classname="com.mayur.testcases.addToCartTest"/>
  <testcase name="homeValidations" time="8.275" classname="com.mayur.testcases.HomePageTest"/>
</testsuite> <!-- MayurTest -->
