<?xml version="1.0" encoding="UTF-8"?>
<testng-results skipped="0" failed="2" ignored="0" total="12" passed="10">
  <reporter-output>
    <line>
      <![CDATA[Your test is started :- Test]]>
    </line>
    <line>
      <![CDATA[Your test is started :- reg]]>
    </line>
    <line>
      <![CDATA[Your test is success :- reg]]>
    </line>
    <line>
      <![CDATA[Your test is started :- placeOrder]]>
    </line>
    <line>
      <![CDATA[Your test is success :- placeOrder]]>
    </line>
    <line>
      <![CDATA[Your test is started :- addToCart]]>
    </line>
    <line>
      <![CDATA[Your test is success :- addToCart]]>
    </line>
    <line>
      <![CDATA[Your test is started :- login]]>
    </line>
    <line>
      <![CDATA[Your test is success :- login]]>
    </line>
    <line>
      <![CDATA[Your test is started :- login]]>
    </line>
    <line>
      <![CDATA[Your test is success :- login]]>
    </line>
    <line>
      <![CDATA[Your test is started :- login]]>
    </line>
    <line>
      <![CDATA[Your test is success :- login]]>
    </line>
    <line>
      <![CDATA[Your test is started :- login]]>
    </line>
    <line>
      <![CDATA[Your test is success :- login]]>
    </line>
    <line>
      <![CDATA[Your test is started :- homeValidations]]>
    </line>
    <line>
      <![CDATA[Your test is success :- homeValidations]]>
    </line>
    <line>
      <![CDATA[Your test is started :- productSearch]]>
    </line>
    <line>
      <![CDATA[Your test is success :- productSearch]]>
    </line>
    <line>
      <![CDATA[Your test is started :- paymentCheck]]>
    </line>
    <line>
      <![CDATA[Your test is failed :- paymentCheck]]>
    </line>
    <line>
      <![CDATA[Your test is started :- regDP]]>
    </line>
    <line>
      <![CDATA[Your test is success :- regDP]]>
    </line>
    <line>
      <![CDATA[Your test is started :- regDP]]>
    </line>
    <line>
      <![CDATA[Your test is failed :- regDP]]>
    </line>
  </reporter-output>
  <suite name="Suite" duration-ms="460547" started-at="2022-04-27T15:36:47Z" finished-at="2022-04-27T15:44:27Z">
    <groups>
    </groups>
    <test name="Test" duration-ms="460547" started-at="2022-04-27T15:36:47Z" finished-at="2022-04-27T15:44:27Z">
      <class name="com.mayur.testcases.RegistrationWithDataProvider">
        <test-method status="PASS" signature="beforeMethod()[pri:0, instance:com.mayur.testcases.RegistrationWithDataProvider@3d299e3]" name="beforeMethod" is-config="true" duration-ms="10342" started-at="2022-04-27T15:43:10Z" finished-at="2022-04-27T15:43:20Z">
          <reporter-output>
          </reporter-output>
        </test-method> <!-- beforeMethod -->
        <test-method status="PASS" signature="regDP(java.util.HashMap)[pri:0, instance:com.mayur.testcases.RegistrationWithDataProvider@3d299e3]" name="regDP" duration-ms="9809" started-at="2022-04-27T15:43:20Z" data-provider="reg" finished-at="2022-04-27T15:43:30Z">
          <params>
            <param index="0">
              <value>
                <![CDATA[{birthDay=10, country=United States, firstname=mayur, address=ram mandir, gender=male, city=pune, mobile=1234, receive_special_offer_checkbox=no, lastname=savdekar, zipcode=11111, birthMonth=10, password=mayur123, birthYear=2010, newsletter_checkbox=yes, address_firstname=NA, address_lastname=NA, alias=abcd, company=mycompany, state=Alaska}]]>
              </value>
            </param>
          </params>
          <reporter-output>
            <line>
              <![CDATA[Your test is started :- regDP]]>
            </line>
            <line>
              <![CDATA[Your test is success :- regDP]]>
            </line>
          </reporter-output>
        </test-method> <!-- regDP -->
        <test-method status="PASS" signature="afterMethod()[pri:0, instance:com.mayur.testcases.RegistrationWithDataProvider@3d299e3]" name="afterMethod" is-config="true" duration-ms="769" started-at="2022-04-27T15:43:30Z" finished-at="2022-04-27T15:43:31Z">
          <reporter-output>
          </reporter-output>
        </test-method> <!-- afterMethod -->
        <test-method status="PASS" signature="beforeMethod()[pri:0, instance:com.mayur.testcases.RegistrationWithDataProvider@3d299e3]" name="beforeMethod" is-config="true" duration-ms="27535" started-at="2022-04-27T15:43:31Z" finished-at="2022-04-27T15:43:58Z">
          <reporter-output>
          </reporter-output>
        </test-method> <!-- beforeMethod -->
        <test-method status="FAIL" signature="regDP(java.util.HashMap)[pri:0, instance:com.mayur.testcases.RegistrationWithDataProvider@3d299e3]" name="regDP" duration-ms="28029" started-at="2022-04-27T15:43:58Z" data-provider="reg" finished-at="2022-04-27T15:44:26Z">
          <params>
            <param index="0">
              <value>
                <![CDATA[{birthDay=12, country=United States, firstname=lalit, address=kale wada, gender=male, city=jalgaon, mobile=9821, receive_special_offer_checkbox=yes, lastname=savdekar, zipcode=22222, birthMonth=12, password=lalit123, birthYear=2012, newsletter_checkbox=no, address_firstname=NA, address_lastname=NA, alias=abcd, company=mycompanynew, state=Alaska}]]>
              </value>
            </param>
          </params>
          <exception class="org.openqa.selenium.TimeoutException">
            <message>
              <![CDATA[Expected condition failed: waiting for visibility of Proxy element for: DefaultElementLocator 'By.xpath: //label[contains(text(),'Title')]' (tried for 10 second(s) with 500 milliseconds interval)]]>
            </message>
            <full-stacktrace>
              <![CDATA[org.openqa.selenium.TimeoutException: Expected condition failed: waiting for visibility of Proxy element for: DefaultElementLocator 'By.xpath: //label[contains(text(),'Title')]' (tried for 10 second(s) with 500 milliseconds interval)
at org.openqa.selenium.support.ui.WebDriverWait.timeoutException(WebDriverWait.java:95)
at org.openqa.selenium.support.ui.FluentWait.until(FluentWait.java:272)
at com.mayur.pageobject.RegistrationFormPage.selectGender(RegistrationFormPage.java:73)
at com.mayur.testcases.RegistrationWithDataProvider.regDP(RegistrationWithDataProvider.java:39)
at sun.reflect.NativeMethodAccessorImpl.invoke0(Native Method)
at sun.reflect.NativeMethodAccessorImpl.invoke(NativeMethodAccessorImpl.java:62)
at sun.reflect.DelegatingMethodAccessorImpl.invoke(DelegatingMethodAccessorImpl.java:43)
at java.lang.reflect.Method.invoke(Method.java:498)
at org.testng.internal.MethodInvocationHelper.invokeMethod(MethodInvocationHelper.java:124)
at org.testng.internal.Invoker.invokeMethod(Invoker.java:583)
at org.testng.internal.Invoker.invokeTestMethod(Invoker.java:719)
at org.testng.internal.Invoker.invokeTestMethods(Invoker.java:989)
at org.testng.internal.TestMethodWorker.invokeTestMethods(TestMethodWorker.java:125)
at org.testng.internal.TestMethodWorker.run(TestMethodWorker.java:109)
at org.testng.TestRunner.privateRun(TestRunner.java:648)
at org.testng.TestRunner.run(TestRunner.java:505)
at org.testng.SuiteRunner.runTest(SuiteRunner.java:455)
at org.testng.SuiteRunner.runSequentially(SuiteRunner.java:450)
at org.testng.SuiteRunner.privateRun(SuiteRunner.java:415)
at org.testng.SuiteRunner.run(SuiteRunner.java:364)
at org.testng.SuiteRunnerWorker.runSuite(SuiteRunnerWorker.java:52)
at org.testng.SuiteRunnerWorker.run(SuiteRunnerWorker.java:84)
at org.testng.TestNG.runSuitesSequentially(TestNG.java:1208)
at org.testng.TestNG.runSuitesLocally(TestNG.java:1137)
at org.testng.TestNG.runSuites(TestNG.java:1049)
at org.testng.TestNG.run(TestNG.java:1017)
at org.testng.remote.AbstractRemoteTestNG.run(AbstractRemoteTestNG.java:115)
at org.testng.remote.RemoteTestNG.initAndRun(RemoteTestNG.java:251)
at org.testng.remote.RemoteTestNG.main(RemoteTestNG.java:77)
Caused by: org.openqa.selenium.NoSuchElementException: no such element: Unable to locate element: {"method":"xpath","selector":"//label[contains(text(),'Title')]"}
  (Session info: chrome=100.0.4896.127)
For documentation on this error, please visit: https://www.seleniumhq.org/exceptions/no_such_element.html
Build info: version: '3.141.59', revision: 'e82be7d358', time: '2018-11-14T08:17:03'
System info: host: 'DESKTOP-S33VJ14', ip: '192.168.10.3', os.name: 'Windows 10', os.arch: 'amd64', os.version: '10.0', java.version: '1.8.0_202'
Driver info: org.openqa.selenium.chrome.ChromeDriver
Capabilities {acceptInsecureCerts: false, browserName: chrome, browserVersion: 100.0.4896.127, chrome: {chromedriverVersion: 100.0.4896.60 (6a5d10861ce8..., userDataDir: C:\Users\Admin\AppData\Loca...}, goog:chromeOptions: {debuggerAddress: localhost:64514}, javascriptEnabled: true, networkConnectionEnabled: false, pageLoadStrategy: normal, platform: WINDOWS, platformName: WINDOWS, proxy: Proxy(), setWindowRect: true, strictFileInteractability: false, timeouts: {implicit: 0, pageLoad: 300000, script: 30000}, unhandledPromptBehavior: dismiss and notify, webauthn:extension:credBlob: true, webauthn:extension:largeBlob: true, webauthn:virtualAuthenticators: true}
Session ID: d590bf6a85544bf5827831cc5e7fb36d
*** Element info: {Using=xpath, value=//label[contains(text(),'Title')]}
at sun.reflect.NativeConstructorAccessorImpl.newInstance0(Native Method)
at sun.reflect.NativeConstructorAccessorImpl.newInstance(NativeConstructorAccessorImpl.java:62)
at sun.reflect.DelegatingConstructorAccessorImpl.newInstance(DelegatingConstructorAccessorImpl.java:45)
at java.lang.reflect.Constructor.newInstance(Constructor.java:423)
at org.openqa.selenium.remote.http.W3CHttpResponseCodec.createException(W3CHttpResponseCodec.java:187)
at org.openqa.selenium.remote.http.W3CHttpResponseCodec.decode(W3CHttpResponseCodec.java:122)
at org.openqa.selenium.remote.http.W3CHttpResponseCodec.decode(W3CHttpResponseCodec.java:49)
at org.openqa.selenium.remote.HttpCommandExecutor.execute(HttpCommandExecutor.java:158)
at org.openqa.selenium.remote.service.DriverCommandExecutor.execute(DriverCommandExecutor.java:83)
at org.openqa.selenium.remote.RemoteWebDriver.execute(RemoteWebDriver.java:552)
at org.openqa.selenium.remote.RemoteWebDriver.findElement(RemoteWebDriver.java:323)
at org.openqa.selenium.remote.RemoteWebDriver.findElementByXPath(RemoteWebDriver.java:428)
at org.openqa.selenium.By$ByXPath.findElement(By.java:353)
at org.openqa.selenium.remote.RemoteWebDriver.findElement(RemoteWebDriver.java:315)
at org.openqa.selenium.support.pagefactory.DefaultElementLocator.findElement(DefaultElementLocator.java:69)
at org.openqa.selenium.support.pagefactory.internal.LocatingElementHandler.invoke(LocatingElementHandler.java:38)
at com.sun.proxy.$Proxy10.isDisplayed(Unknown Source)
at org.openqa.selenium.support.ui.ExpectedConditions.elementIfVisible(ExpectedConditions.java:314)
at org.openqa.selenium.support.ui.ExpectedConditions.access$000(ExpectedConditions.java:43)
at org.openqa.selenium.support.ui.ExpectedConditions$10.apply(ExpectedConditions.java:300)
at org.openqa.selenium.support.ui.ExpectedConditions$10.apply(ExpectedConditions.java:297)
at org.openqa.selenium.support.ui.FluentWait.until(FluentWait.java:249)
... 27 more
]]>
            </full-stacktrace>
          </exception> <!-- org.openqa.selenium.TimeoutException -->
          <reporter-output>
            <line>
              <![CDATA[Your test is started :- regDP]]>
            </line>
            <line>
              <![CDATA[Your test is failed :- regDP]]>
            </line>
          </reporter-output>
        </test-method> <!-- regDP -->
        <test-method status="PASS" signature="afterMethod()[pri:0, instance:com.mayur.testcases.RegistrationWithDataProvider@3d299e3]" name="afterMethod" is-config="true" duration-ms="713" started-at="2022-04-27T15:44:26Z" finished-at="2022-04-27T15:44:27Z">
          <reporter-output>
          </reporter-output>
        </test-method> <!-- afterMethod -->
      </class> <!-- com.mayur.testcases.RegistrationWithDataProvider -->
      <class name="com.mayur.testcases.HomePageTest">
        <test-method status="PASS" signature="beforeMethod()[pri:0, instance:com.mayur.testcases.HomePageTest@3b2da18f]" name="beforeMethod" is-config="true" duration-ms="28191" started-at="2022-04-27T15:41:06Z" finished-at="2022-04-27T15:41:34Z">
          <reporter-output>
          </reporter-output>
        </test-method> <!-- beforeMethod -->
        <test-method status="PASS" signature="homeValidations()[pri:0, instance:com.mayur.testcases.HomePageTest@3b2da18f]" name="homeValidations" duration-ms="15897" started-at="2022-04-27T15:41:34Z" finished-at="2022-04-27T15:41:50Z">
          <reporter-output>
            <line>
              <![CDATA[Your test is started :- homeValidations]]>
            </line>
            <line>
              <![CDATA[Your test is success :- homeValidations]]>
            </line>
          </reporter-output>
        </test-method> <!-- homeValidations -->
        <test-method status="PASS" signature="afterMethod()[pri:0, instance:com.mayur.testcases.HomePageTest@3b2da18f]" name="afterMethod" is-config="true" duration-ms="755" started-at="2022-04-27T15:41:50Z" finished-at="2022-04-27T15:41:51Z">
          <reporter-output>
          </reporter-output>
        </test-method> <!-- afterMethod -->
      </class> <!-- com.mayur.testcases.HomePageTest -->
      <class name="com.mayur.testcases.ForTest">
        <test-method status="PASS" signature="start()[pri:0, instance:com.mayur.testcases.ForTest@1a84f40f]" name="start" is-config="true" duration-ms="13128" started-at="2022-04-27T15:36:47Z" finished-at="2022-04-27T15:37:00Z">
          <reporter-output>
          </reporter-output>
        </test-method> <!-- start -->
        <test-method status="PASS" signature="reg()[pri:0, instance:com.mayur.testcases.ForTest@1a84f40f]" name="reg" duration-ms="14" started-at="2022-04-27T15:37:00Z" finished-at="2022-04-27T15:37:00Z">
          <reporter-output>
            <line>
              <![CDATA[Your test is started :- reg]]>
            </line>
            <line>
              <![CDATA[Your test is success :- reg]]>
            </line>
          </reporter-output>
        </test-method> <!-- reg -->
        <test-method status="PASS" signature="tearDown()[pri:0, instance:com.mayur.testcases.ForTest@1a84f40f]" name="tearDown" is-config="true" duration-ms="944" started-at="2022-04-27T15:37:01Z" finished-at="2022-04-27T15:37:02Z">
          <reporter-output>
          </reporter-output>
        </test-method> <!-- tearDown -->
      </class> <!-- com.mayur.testcases.ForTest -->
      <class name="com.mayur.testcases.ProductSearchTest">
        <test-method status="PASS" signature="beforeMethod()[pri:0, instance:com.mayur.testcases.ProductSearchTest@5906ebcb]" name="beforeMethod" is-config="true" duration-ms="23750" started-at="2022-04-27T15:41:51Z" finished-at="2022-04-27T15:42:15Z">
          <reporter-output>
          </reporter-output>
        </test-method> <!-- beforeMethod -->
        <test-method status="PASS" signature="productSearch()[pri:0, instance:com.mayur.testcases.ProductSearchTest@5906ebcb]" name="productSearch" duration-ms="4435" started-at="2022-04-27T15:42:15Z" finished-at="2022-04-27T15:42:19Z">
          <reporter-output>
            <line>
              <![CDATA[Your test is started :- productSearch]]>
            </line>
            <line>
              <![CDATA[Your test is success :- productSearch]]>
            </line>
          </reporter-output>
        </test-method> <!-- productSearch -->
        <test-method status="PASS" signature="afterMethod()[pri:0, instance:com.mayur.testcases.ProductSearchTest@5906ebcb]" name="afterMethod" is-config="true" duration-ms="154" started-at="2022-04-27T15:42:19Z" finished-at="2022-04-27T15:42:19Z">
          <reporter-output>
          </reporter-output>
        </test-method> <!-- afterMethod -->
      </class> <!-- com.mayur.testcases.ProductSearchTest -->
      <class name="com.mayur.testcases.LoginTestWithDataProvider">
        <test-method status="PASS" signature="beforeMethod()[pri:0, instance:com.mayur.testcases.LoginTestWithDataProvider@6b419da]" name="beforeMethod" is-config="true" duration-ms="9724" started-at="2022-04-27T15:38:19Z" finished-at="2022-04-27T15:38:29Z">
          <reporter-output>
          </reporter-output>
        </test-method> <!-- beforeMethod -->
        <test-method status="PASS" signature="login(java.lang.String, java.lang.String, int)[pri:0, instance:com.mayur.testcases.LoginTestWithDataProvider@6b419da]" name="login" duration-ms="13409" started-at="2022-04-27T15:38:29Z" data-provider="loginData" finished-at="2022-04-27T15:38:42Z">
          <params>
            <param index="0">
              <value>
                <![CDATA[myproject@gmail.com]]>
              </value>
            </param>
            <param index="1">
              <value>
                <![CDATA[myproject@1]]>
              </value>
            </param>
            <param index="2">
              <value>
                <![CDATA[1]]>
              </value>
            </param>
          </params>
          <reporter-output>
            <line>
              <![CDATA[Your test is started :- login]]>
            </line>
            <line>
              <![CDATA[Your test is success :- login]]>
            </line>
          </reporter-output>
        </test-method> <!-- login -->
        <test-method status="PASS" signature="afterMethod()[pri:0, instance:com.mayur.testcases.LoginTestWithDataProvider@6b419da]" name="afterMethod" is-config="true" duration-ms="779" started-at="2022-04-27T15:38:42Z" finished-at="2022-04-27T15:38:43Z">
          <reporter-output>
          </reporter-output>
        </test-method> <!-- afterMethod -->
        <test-method status="PASS" signature="beforeMethod()[pri:0, instance:com.mayur.testcases.LoginTestWithDataProvider@6b419da]" name="beforeMethod" is-config="true" duration-ms="11006" started-at="2022-04-27T15:38:43Z" finished-at="2022-04-27T15:38:54Z">
          <reporter-output>
          </reporter-output>
        </test-method> <!-- beforeMethod -->
        <test-method status="PASS" signature="login(java.lang.String, java.lang.String, int)[pri:0, instance:com.mayur.testcases.LoginTestWithDataProvider@6b419da]" name="login" duration-ms="53201" started-at="2022-04-27T15:38:54Z" data-provider="loginData" finished-at="2022-04-27T15:39:47Z">
          <params>
            <param index="0">
              <value>
                <![CDATA[myproject@gmail.com]]>
              </value>
            </param>
            <param index="1">
              <value>
                <![CDATA[myproject@123]]>
              </value>
            </param>
            <param index="2">
              <value>
                <![CDATA[2]]>
              </value>
            </param>
          </params>
          <reporter-output>
            <line>
              <![CDATA[Your test is started :- login]]>
            </line>
            <line>
              <![CDATA[Your test is success :- login]]>
            </line>
          </reporter-output>
        </test-method> <!-- login -->
        <test-method status="PASS" signature="afterMethod()[pri:0, instance:com.mayur.testcases.LoginTestWithDataProvider@6b419da]" name="afterMethod" is-config="true" duration-ms="730" started-at="2022-04-27T15:39:48Z" finished-at="2022-04-27T15:39:48Z">
          <reporter-output>
          </reporter-output>
        </test-method> <!-- afterMethod -->
        <test-method status="PASS" signature="beforeMethod()[pri:0, instance:com.mayur.testcases.LoginTestWithDataProvider@6b419da]" name="beforeMethod" is-config="true" duration-ms="12573" started-at="2022-04-27T15:39:48Z" finished-at="2022-04-27T15:40:01Z">
          <reporter-output>
          </reporter-output>
        </test-method> <!-- beforeMethod -->
        <test-method status="PASS" signature="login(java.lang.String, java.lang.String, int)[pri:0, instance:com.mayur.testcases.LoginTestWithDataProvider@6b419da]" name="login" duration-ms="14802" started-at="2022-04-27T15:40:01Z" data-provider="loginData" finished-at="2022-04-27T15:40:16Z">
          <params>
            <param index="0">
              <value>
                <![CDATA[myproject@gmail.com]]>
              </value>
            </param>
            <param index="1">
              <value>
                <![CDATA[mypro]]>
              </value>
            </param>
            <param index="2">
              <value>
                <![CDATA[3]]>
              </value>
            </param>
          </params>
          <reporter-output>
            <line>
              <![CDATA[Your test is started :- login]]>
            </line>
            <line>
              <![CDATA[Your test is success :- login]]>
            </line>
          </reporter-output>
        </test-method> <!-- login -->
        <test-method status="PASS" signature="afterMethod()[pri:0, instance:com.mayur.testcases.LoginTestWithDataProvider@6b419da]" name="afterMethod" is-config="true" duration-ms="761" started-at="2022-04-27T15:40:16Z" finished-at="2022-04-27T15:40:17Z">
          <reporter-output>
          </reporter-output>
        </test-method> <!-- afterMethod -->
        <test-method status="PASS" signature="beforeMethod()[pri:0, instance:com.mayur.testcases.LoginTestWithDataProvider@6b419da]" name="beforeMethod" is-config="true" duration-ms="31395" started-at="2022-04-27T15:40:17Z" finished-at="2022-04-27T15:40:48Z">
          <reporter-output>
          </reporter-output>
        </test-method> <!-- beforeMethod -->
        <test-method status="PASS" signature="login(java.lang.String, java.lang.String, int)[pri:0, instance:com.mayur.testcases.LoginTestWithDataProvider@6b419da]" name="login" duration-ms="16830" started-at="2022-04-27T15:40:48Z" data-provider="loginData" finished-at="2022-04-27T15:41:05Z">
          <params>
            <param index="0">
              <value>
                <![CDATA[admin]]>
              </value>
            </param>
            <param index="1">
              <value>
                <![CDATA[admin]]>
              </value>
            </param>
            <param index="2">
              <value>
                <![CDATA[4]]>
              </value>
            </param>
          </params>
          <reporter-output>
            <line>
              <![CDATA[Your test is started :- login]]>
            </line>
            <line>
              <![CDATA[Your test is success :- login]]>
            </line>
          </reporter-output>
        </test-method> <!-- login -->
        <test-method status="PASS" signature="afterMethod()[pri:0, instance:com.mayur.testcases.LoginTestWithDataProvider@6b419da]" name="afterMethod" is-config="true" duration-ms="787" started-at="2022-04-27T15:41:05Z" finished-at="2022-04-27T15:41:06Z">
          <reporter-output>
          </reporter-output>
        </test-method> <!-- afterMethod -->
      </class> <!-- com.mayur.testcases.LoginTestWithDataProvider -->
      <class name="com.mayur.testcases.addToCartTest">
        <test-method status="PASS" signature="beforeMethod()[pri:0, instance:com.mayur.testcases.addToCartTest@7920ba90]" name="beforeMethod" is-config="true" duration-ms="10828" started-at="2022-04-27T15:37:51Z" finished-at="2022-04-27T15:38:02Z">
          <reporter-output>
          </reporter-output>
        </test-method> <!-- beforeMethod -->
        <test-method status="PASS" signature="addToCart()[pri:0, instance:com.mayur.testcases.addToCartTest@7920ba90]" name="addToCart" duration-ms="15669" started-at="2022-04-27T15:38:02Z" finished-at="2022-04-27T15:38:18Z">
          <reporter-output>
            <line>
              <![CDATA[Your test is started :- addToCart]]>
            </line>
            <line>
              <![CDATA[Your test is success :- addToCart]]>
            </line>
          </reporter-output>
        </test-method> <!-- addToCart -->
        <test-method status="PASS" signature="afterMethod()[pri:0, instance:com.mayur.testcases.addToCartTest@7920ba90]" name="afterMethod" is-config="true" duration-ms="139" started-at="2022-04-27T15:38:18Z" finished-at="2022-04-27T15:38:18Z">
          <reporter-output>
          </reporter-output>
        </test-method> <!-- afterMethod -->
      </class> <!-- com.mayur.testcases.addToCartTest -->
      <class name="com.mayur.testcases.paymentCalculationsTest">
        <test-method status="PASS" signature="beforeMethod()[pri:0, instance:com.mayur.testcases.paymentCalculationsTest@258e2e41]" name="beforeMethod" is-config="true" duration-ms="13470" started-at="2022-04-27T15:42:19Z" finished-at="2022-04-27T15:42:33Z">
          <reporter-output>
          </reporter-output>
        </test-method> <!-- beforeMethod -->
        <test-method status="FAIL" signature="paymentCheck()[pri:0, instance:com.mayur.testcases.paymentCalculationsTest@258e2e41]" name="paymentCheck" duration-ms="36364" started-at="2022-04-27T15:42:33Z" finished-at="2022-04-27T15:43:09Z">
          <exception class="org.openqa.selenium.NoSuchElementException">
            <message>
              <![CDATA[no such element: Unable to locate element: {"method":"xpath","selector":"//span[@id='product_price_1_1_653969']"}
  (Session info: chrome=100.0.4896.127)
For documentation on this error, please visit: https://www.seleniumhq.org/exceptions/no_such_element.html
Build info: version: '3.141.59', revision: 'e82be7d358', time: '2018-11-14T08:17:03'
System info: host: 'DESKTOP-S33VJ14', ip: '192.168.10.3', os.name: 'Windows 10', os.arch: 'amd64', os.version: '10.0', java.version: '1.8.0_202'
Driver info: org.openqa.selenium.chrome.ChromeDriver
Capabilities {acceptInsecureCerts: false, browserName: chrome, browserVersion: 100.0.4896.127, chrome: {chromedriverVersion: 100.0.4896.60 (6a5d10861ce8..., userDataDir: C:\Users\Admin\AppData\Loca...}, goog:chromeOptions: {debuggerAddress: localhost:64355}, javascriptEnabled: true, networkConnectionEnabled: false, pageLoadStrategy: normal, platform: WINDOWS, platformName: WINDOWS, proxy: Proxy(), setWindowRect: true, strictFileInteractability: false, timeouts: {implicit: 0, pageLoad: 300000, script: 30000}, unhandledPromptBehavior: dismiss and notify, webauthn:extension:credBlob: true, webauthn:extension:largeBlob: true, webauthn:virtualAuthenticators: true}
Session ID: 1dda5770a6c88f4879535d127b199210
*** Element info: {Using=xpath, value=//span[@id='product_price_1_1_653969']}]]>
            </message>
            <full-stacktrace>
              <![CDATA[org.openqa.selenium.NoSuchElementException: no such element: Unable to locate element: {"method":"xpath","selector":"//span[@id='product_price_1_1_653969']"}
  (Session info: chrome=100.0.4896.127)
For documentation on this error, please visit: https://www.seleniumhq.org/exceptions/no_such_element.html
Build info: version: '3.141.59', revision: 'e82be7d358', time: '2018-11-14T08:17:03'
System info: host: 'DESKTOP-S33VJ14', ip: '192.168.10.3', os.name: 'Windows 10', os.arch: 'amd64', os.version: '10.0', java.version: '1.8.0_202'
Driver info: org.openqa.selenium.chrome.ChromeDriver
Capabilities {acceptInsecureCerts: false, browserName: chrome, browserVersion: 100.0.4896.127, chrome: {chromedriverVersion: 100.0.4896.60 (6a5d10861ce8..., userDataDir: C:\Users\Admin\AppData\Loca...}, goog:chromeOptions: {debuggerAddress: localhost:64355}, javascriptEnabled: true, networkConnectionEnabled: false, pageLoadStrategy: normal, platform: WINDOWS, platformName: WINDOWS, proxy: Proxy(), setWindowRect: true, strictFileInteractability: false, timeouts: {implicit: 0, pageLoad: 300000, script: 30000}, unhandledPromptBehavior: dismiss and notify, webauthn:extension:credBlob: true, webauthn:extension:largeBlob: true, webauthn:virtualAuthenticators: true}
Session ID: 1dda5770a6c88f4879535d127b199210
*** Element info: {Using=xpath, value=//span[@id='product_price_1_1_653969']}
at sun.reflect.NativeConstructorAccessorImpl.newInstance0(Native Method)
at sun.reflect.NativeConstructorAccessorImpl.newInstance(NativeConstructorAccessorImpl.java:62)
at sun.reflect.DelegatingConstructorAccessorImpl.newInstance(DelegatingConstructorAccessorImpl.java:45)
at java.lang.reflect.Constructor.newInstance(Constructor.java:423)
at org.openqa.selenium.remote.http.W3CHttpResponseCodec.createException(W3CHttpResponseCodec.java:187)
at org.openqa.selenium.remote.http.W3CHttpResponseCodec.decode(W3CHttpResponseCodec.java:122)
at org.openqa.selenium.remote.http.W3CHttpResponseCodec.decode(W3CHttpResponseCodec.java:49)
at org.openqa.selenium.remote.HttpCommandExecutor.execute(HttpCommandExecutor.java:158)
at org.openqa.selenium.remote.service.DriverCommandExecutor.execute(DriverCommandExecutor.java:83)
at org.openqa.selenium.remote.RemoteWebDriver.execute(RemoteWebDriver.java:552)
at org.openqa.selenium.remote.RemoteWebDriver.findElement(RemoteWebDriver.java:323)
at org.openqa.selenium.remote.RemoteWebDriver.findElementByXPath(RemoteWebDriver.java:428)
at org.openqa.selenium.By$ByXPath.findElement(By.java:353)
at org.openqa.selenium.remote.RemoteWebDriver.findElement(RemoteWebDriver.java:315)
at org.openqa.selenium.support.pagefactory.DefaultElementLocator.findElement(DefaultElementLocator.java:69)
at org.openqa.selenium.support.pagefactory.internal.LocatingElementHandler.invoke(LocatingElementHandler.java:38)
at com.sun.proxy.$Proxy10.getText(Unknown Source)
at com.mayur.pageobject.PaymentPage.validatePaymentCalculations(PaymentPage.java:60)
at com.mayur.testcases.paymentCalculationsTest.paymentCheck(paymentCalculationsTest.java:57)
at sun.reflect.NativeMethodAccessorImpl.invoke0(Native Method)
at sun.reflect.NativeMethodAccessorImpl.invoke(NativeMethodAccessorImpl.java:62)
at sun.reflect.DelegatingMethodAccessorImpl.invoke(DelegatingMethodAccessorImpl.java:43)
at java.lang.reflect.Method.invoke(Method.java:498)
at org.testng.internal.MethodInvocationHelper.invokeMethod(MethodInvocationHelper.java:124)
at org.testng.internal.Invoker.invokeMethod(Invoker.java:583)
at org.testng.internal.Invoker.invokeTestMethod(Invoker.java:719)
at org.testng.internal.Invoker.invokeTestMethods(Invoker.java:989)
at org.testng.internal.TestMethodWorker.invokeTestMethods(TestMethodWorker.java:125)
at org.testng.internal.TestMethodWorker.run(TestMethodWorker.java:109)
at org.testng.TestRunner.privateRun(TestRunner.java:648)
at org.testng.TestRunner.run(TestRunner.java:505)
at org.testng.SuiteRunner.runTest(SuiteRunner.java:455)
at org.testng.SuiteRunner.runSequentially(SuiteRunner.java:450)
at org.testng.SuiteRunner.privateRun(SuiteRunner.java:415)
at org.testng.SuiteRunner.run(SuiteRunner.java:364)
at org.testng.SuiteRunnerWorker.runSuite(SuiteRunnerWorker.java:52)
at org.testng.SuiteRunnerWorker.run(SuiteRunnerWorker.java:84)
at org.testng.TestNG.runSuitesSequentially(TestNG.java:1208)
at org.testng.TestNG.runSuitesLocally(TestNG.java:1137)
at org.testng.TestNG.runSuites(TestNG.java:1049)
at org.testng.TestNG.run(TestNG.java:1017)
at org.testng.remote.AbstractRemoteTestNG.run(AbstractRemoteTestNG.java:115)
at org.testng.remote.RemoteTestNG.initAndRun(RemoteTestNG.java:251)
at org.testng.remote.RemoteTestNG.main(RemoteTestNG.java:77)
]]>
            </full-stacktrace>
          </exception> <!-- org.openqa.selenium.NoSuchElementException -->
          <reporter-output>
            <line>
              <![CDATA[Your test is started :- paymentCheck]]>
            </line>
            <line>
              <![CDATA[Your test is failed :- paymentCheck]]>
            </line>
          </reporter-output>
        </test-method> <!-- paymentCheck -->
        <test-method status="PASS" signature="afterMethod()[pri:0, instance:com.mayur.testcases.paymentCalculationsTest@258e2e41]" name="afterMethod" is-config="true" duration-ms="135" started-at="2022-04-27T15:43:09Z" finished-at="2022-04-27T15:43:09Z">
          <reporter-output>
          </reporter-output>
        </test-method> <!-- afterMethod -->
      </class> <!-- com.mayur.testcases.paymentCalculationsTest -->
      <class name="com.mayur.testcases.PlaceOrderTest">
        <test-method status="PASS" signature="beforeMethod()[pri:0, instance:com.mayur.testcases.PlaceOrderTest@23282c25]" name="beforeMethod" is-config="true" duration-ms="10803" started-at="2022-04-27T15:37:02Z" finished-at="2022-04-27T15:37:12Z">
          <reporter-output>
          </reporter-output>
        </test-method> <!-- beforeMethod -->
        <test-method status="PASS" signature="placeOrder()[pri:0, instance:com.mayur.testcases.PlaceOrderTest@23282c25]" name="placeOrder" duration-ms="38004" started-at="2022-04-27T15:37:12Z" finished-at="2022-04-27T15:37:50Z">
          <reporter-output>
            <line>
              <![CDATA[Your test is started :- placeOrder]]>
            </line>
            <line>
              <![CDATA[Your test is success :- placeOrder]]>
            </line>
          </reporter-output>
        </test-method> <!-- placeOrder -->
        <test-method status="PASS" signature="afterMethod()[pri:0, instance:com.mayur.testcases.PlaceOrderTest@23282c25]" name="afterMethod" is-config="true" duration-ms="759" started-at="2022-04-27T15:37:51Z" finished-at="2022-04-27T15:37:51Z">
          <reporter-output>
          </reporter-output>
        </test-method> <!-- afterMethod -->
      </class> <!-- com.mayur.testcases.PlaceOrderTest -->
    </test> <!-- Test -->
  </suite> <!-- Suite -->
</testng-results>
